<?xml version="1.0" encoding="UTF-8"?>
<!-- Generated by org.testng.reporters.JUnitReportReporter -->
<testsuite hostname="DESKTOP-1GM7M7N" failures="0" tests="1" name="test.LoginTest" time="13.536" errors="0" timestamp="2024-06-17T11:59:58 IST" skipped="0">
  <testcase classname="test.LoginTest" name="checkBoxTest" time="13.536"/>
</testsuite> <!-- test.LoginTest -->
