<?xml version="1.0" encoding="UTF-8"?>
<!-- Generated by org.testng.reporters.JUnitReportReporter -->
<testsuite hostname="DESKTOP-1GM7M7N" failures="0" tests="2" name="test.ProductPageTest" time="23.954" errors="0" timestamp="2024-07-31T16:15:34 IST" skipped="0">
  <testcase classname="test.ProductPageTest" name="addProductToCart" time="12.262"/>
  <testcase classname="test.ProductPageTest" name="addProductSauceLabsBackPack" time="11.692"/>
</testsuite> <!-- test.ProductPageTest -->
