<?xml version="1.0" encoding="UTF-8"?>
<!-- Generated by org.testng.reporters.JUnitReportReporter -->
<testsuite hostname="DESKTOP-1GM7M7N" failures="0" tests="1" name="test.LoginTest" time="25.904" errors="0" timestamp="2024-06-08T08:27:26 IST" skipped="0">
  <testcase classname="test.LoginTest" name="loginTest" time="25.904"/>
</testsuite> <!-- test.LoginTest -->
