<?xml version="1.0" encoding="UTF-8"?>
<!-- Generated by org.testng.reporters.JUnitReportReporter -->
<testsuite hostname="DESKTOP-1GM7M7N" failures="0" tests="2" name="test.LoginTest" time="13.155" errors="0" timestamp="2024-07-31T14:43:40 IST" skipped="1">
  <testcase classname="test.LoginTest" name="loginTest" time="13.155"/>
  <testcase classname="test.LoginTest" name="loginTest123">
    <skipped/>
  </testcase> <!-- loginTest123 -->
</testsuite> <!-- test.LoginTest -->
