<?xml version="1.0" encoding="UTF-8"?>
<!-- Generated by org.testng.reporters.JUnitReportReporter -->
<testsuite hostname="DESKTOP-O5BDQNS" failures="0" tests="1" name="test.RegisterTest" time="14.583" errors="0" timestamp="2024-07-30T10:13:19 IST" skipped="0">
  <testcase classname="test.RegisterTest" name="loginTest" time="14.583"/>
</testsuite> <!-- test.RegisterTest -->
