<?xml version="1.0" encoding="UTF-8"?>
<!-- Generated by org.testng.reporters.JUnitReportReporter -->
<testsuite hostname="DESKTOP-1GM7M7N" failures="0" tests="1" name="test.LoginTest" time="10.910" errors="0" timestamp="2024-07-07T21:22:43 IST" skipped="0">
  <testcase classname="test.LoginTest" name="checkBoxTest" time="10.910"/>
</testsuite> <!-- test.LoginTest -->
