<?xml version="1.0" encoding="UTF-8"?>
<!-- Generated by org.testng.reporters.JUnitReportReporter -->
<testsuite hostname="DESKTOP-1GM7M7N" failures="0" tests="1" name="test.LoginTest" time="8.545" errors="0" timestamp="2024-06-18T11:28:17 IST" skipped="0">
  <testcase classname="test.LoginTest" name="checkBoxTest" time="8.545"/>
</testsuite> <!-- test.LoginTest -->
